----------
GNC Praia de Belas [1]
Rua Praia de Belas, 1181 - Loja 3038 - Terceiro Piso - Bairro Menino Deus - CEP 90110-000 - Porto Alegre - RS
Cinema(s): 6

GNC Iguatemi [2]
Avenida João Wallig, 1800 - Bairro Passo da Areia - CEP 91349-900 - Porto Alegre - RS
Cinema(s): 6

GNC Moinhos [3]
Rua Olavo Barreto Viana, 36 - 4º Andar - Bairro Moinhos de Vento - CEP 90570-070 - Porto Alegre - RS
Cinema(s): 4

GNC Lindóia [4]
Avenida Assis Brasil, 3522 - Lojas 301/302 - Bairro Jardim Lindóia - CEP 91010-007 - Porto Alegre - RS
Cinema(s): 2

----------
GNC Iguatemi [2]
Avenida João Wallig, 1800 - Bairro Passo da Areia - CEP 91349-900 - Porto Alegre - RS
Cinema(s): 6

GNC Lindóia [4]
Avenida Assis Brasil, 3522 - Lojas 301/302 - Bairro Jardim Lindóia - CEP 91010-007 - Porto Alegre - RS
Cinema(s): 2

GNC Moinhos [3]
Rua Olavo Barreto Viana, 36 - 4º Andar - Bairro Moinhos de Vento - CEP 90570-070 - Porto Alegre - RS
Cinema(s): 4

GNC Praia de Belas [1]
Rua Praia de Belas, 1181 - Loja 3038 - Terceiro Piso - Bairro Menino Deus - CEP 90110-000 - Porto Alegre - RS
Cinema(s): 6

----------
